Traceback (most recent call last):
  File "/home/xtendoo/Documentos/odoo/skills/odoo-provisioning/provision.py", line 327, in <module>
    main()
    ~~~~^^
  File "/home/xtendoo/Documentos/odoo/skills/odoo-provisioning/provision.py", line 276, in main
    uid, models = xmlrpc_connect(base_url, db, login, password)
                  ~~~~~~~~~~~~~~^^^^^^^^^^^^^^^^^^^^^^^^^^^^^^^
  File "/home/xtendoo/Documentos/odoo/skills/odoo-provisioning/provision.py", line 44, in xmlrpc_connect
    uid = common.authenticate(db, login, password, {})
  File "/usr/lib/python3.13/xmlrpc/client.py", line 1096, in __call__
    return self.__send(self.__name, args)
           ~~~~~~~~~~~^^^^^^^^^^^^^^^^^^^
  File "/usr/lib/python3.13/xmlrpc/client.py", line 1435, in __request
    response = self.__transport.request(
        self.__host,
    ...<2 lines>...
        verbose=self.__verbose
        )
  File "/usr/lib/python3.13/xmlrpc/client.py", line 1140, in request
    return self.single_request(host, handler, request_body, verbose)
           ~~~~~~~~~~~~~~~~~~~^^^^^^^^^^^^^^^^^^^^^^^^^^^^^^^^^^^^^^
  File "/usr/lib/python3.13/xmlrpc/client.py", line 1152, in single_request
    http_conn = self.send_request(host, handler, request_body, verbose)
  File "/usr/lib/python3.13/xmlrpc/client.py", line 1265, in send_request
    self.send_content(connection, request_body)
    ~~~~~~~~~~~~~~~~~^^^^^^^^^^^^^^^^^^^^^^^^^^
  File "/usr/lib/python3.13/xmlrpc/client.py", line 1295, in send_content
    connection.endheaders(request_body)
    ~~~~~~~~~~~~~~~~~~~~~^^^^^^^^^^^^^^
  File "/usr/lib/python3.13/http/client.py", line 1353, in endheaders
    self._send_output(message_body, encode_chunked=encode_chunked)
    ~~~~~~~~~~~~~~~~~^^^^^^^^^^^^^^^^^^^^^^^^^^^^^^^^^^^^^^^^^^^^^
  File "/usr/lib/python3.13/http/client.py", line 1113, in _send_output
    self.send(msg)
    ~~~~~~~~~^^^^^
  File "/usr/lib/python3.13/http/client.py", line 1057, in send
    self.connect()
    ~~~~~~~~~~~~^^
  File "/usr/lib/python3.13/http/client.py", line 1499, in connect
    self.sock = self._context.wrap_socket(self.sock,
                ~~~~~~~~~~~~~~~~~~~~~~~~~^^^^^^^^^^^
                                          server_hostname=server_hostname)
                                          ^^^^^^^^^^^^^^^^^^^^^^^^^^^^^^^^
  File "/usr/lib/python3.13/ssl.py", line 455, in wrap_socket
    return self.sslsocket_class._create(
           ~~~~~~~~~~~~~~~~~~~~~~~~~~~~^
        sock=sock,
        ^^^^^^^^^^
    ...<5 lines>...
        session=session
        ^^^^^^^^^^^^^^^
    )
    ^
  File "/usr/lib/python3.13/ssl.py", line 1076, in _create
    self.do_handshake()
    ~~~~~~~~~~~~~~~~~^^
  File "/usr/lib/python3.13/ssl.py", line 1372, in do_handshake
    self._sslobj.do_handshake()
    ~~~~~~~~~~~~~~~~~~~~~~~~~^^
ssl.SSLCertVerificationError: [SSL: CERTIFICATE_VERIFY_FAILED] certificate verify failed: unable to get local issuer certificate (_ssl.c:1029)
