[12:53:05] INFO: Conectando a https://bitevolcrm.xtd.es (db=bitevol_crm)...
[12:53:06] INFO: Conexión establecida. uid=2 db=bitevol_crm
[12:53:06] INFO: Verificando idioma: es_ES
[12:53:07] INFO: Verificando idioma: en_US
[12:53:08] INFO: Idiomas verificados.
[12:53:08] INFO: Configurando parámetro web.base.url = https://bitevolcrm.xtd.es
[12:53:09] INFO: Configurando parámetro mail.catchall.domain = xtd.es
[12:53:11] INFO: Configurando parámetro mail.catchall.alias = catchall
[12:53:12] INFO: Configurando parámetro mail.bounce.alias = bounce
[12:53:14] INFO: Parámetros del sistema aplicados.
[12:53:14] INFO: Verificando configuración de compañía...
[12:53:16] INFO: Compañía actualizada: Robatech
[12:53:16] INFO: Verificando instalación de módulos: ['base', 'contacts', 'mail', 'account', 'website', 'crm']
[12:53:16] INFO: Todos los módulos ya están instalados.
[12:53:16] INFO: Proceso de módulos finalizado.
[12:53:16] INFO: Procesando usuario: xtendoo
[12:53:17] ERROR: Odoo Fault en res.users.create: 1 - Traceback (most recent call last):
  File "/opt/odoo/auto/addons/rpc/controllers/xmlrpc.py", line 162, in xmlrpc_2
    response = self._xmlrpc(service)
               ^^^^^^^^^^^^^^^^^^^^^
  File "/opt/odoo/auto/addons/rpc/controllers/xmlrpc.py", line 134, in _xmlrpc
    result = dispatch_rpc(service, method, params)
             ^^^^^^^^^^^^^^^^^^^^^^^^^^^^^^^^^^^^^
  File "/opt/odoo/custom/src/odoo/odoo/http.py", line 439, in dispatch_rpc
    return dispatch(method, params)
           ^^^^^^^^^^^^^^^^^^^^^^^^
  File "/opt/odoo/custom/src/odoo/odoo/service/model.py", line 129, in dispatch
    res = execute_cr(cr, uid, model, method_, args, kw)
          ^^^^^^^^^^^^^^^^^^^^^^^^^^^^^^^^^^^^^^^^^^^^^
  File "/opt/odoo/custom/src/odoo/odoo/service/model.py", line 146, in execute_cr
    result = retrying(partial(call_kw, recs, method, args, kw), env)
             ^^^^^^^^^^^^^^^^^^^^^^^^^^^^^^^^^^^^^^^^^^^^^^^^^^^^^^^
  File "/opt/odoo/custom/src/odoo/odoo/service/model.py", line 184, in retrying
    result = func()
             ^^^^^^
  File "/opt/odoo/custom/src/odoo/odoo/service/model.py", line 93, in call_kw
    result = method(recs, *args, **kwargs)
             ^^^^^^^^^^^^^^^^^^^^^^^^^^^^^
  File "/opt/odoo/custom/src/odoo/odoo/orm/decorators.py", line 365, in create
    return method(self, vals_list)
           ^^^^^^^^^^^^^^^^^^^^^^^
  File "/opt/odoo/auto/addons/digest/models/res_users.py", line 12, in create
    users = super(ResUsers, self).create(vals_list)
            ^^^^^^^^^^^^^^^^^^^^^^^^^^^^^^^^^^^^^^^
  File "/opt/odoo/custom/src/odoo/odoo/orm/decorators.py", line 365, in create
    return method(self, vals_list)
           ^^^^^^^^^^^^^^^^^^^^^^^
  File "/opt/odoo/auto/addons/calendar/models/res_users.py", line 63, in create
    res = super().create(vals_list)
          ^^^^^^^^^^^^^^^^^^^^^^^^^
  File "/opt/odoo/custom/src/odoo/odoo/orm/decorators.py", line 365, in create
    return method(self, vals_list)
           ^^^^^^^^^^^^^^^^^^^^^^^
  File "/opt/odoo/auto/addons/auth_signup/models/res_users.py", line 269, in create
    users = super(ResUsers, self).create(vals_list)
            ^^^^^^^^^^^^^^^^^^^^^^^^^^^^^^^^^^^^^^^
  File "/opt/odoo/custom/src/odoo/odoo/orm/decorators.py", line 365, in create
    return method(self, vals_list)
           ^^^^^^^^^^^^^^^^^^^^^^^
  File "/opt/odoo/auto/addons/mail/models/discuss/res_users.py", line 14, in create
    users = super().create(vals_list)
            ^^^^^^^^^^^^^^^^^^^^^^^^^
  File "/opt/odoo/custom/src/odoo/odoo/orm/decorators.py", line 365, in create
    return method(self, vals_list)
           ^^^^^^^^^^^^^^^^^^^^^^^
  File "/opt/odoo/auto/addons/mail/models/res_users.py", line 182, in create
    users = super().create(vals_list)
            ^^^^^^^^^^^^^^^^^^^^^^^^^
  File "/opt/odoo/custom/src/odoo/odoo/orm/decorators.py", line 365, in create
    return method(self, vals_list)
           ^^^^^^^^^^^^^^^^^^^^^^^
  File "/opt/odoo/custom/src/odoo/odoo/addons/base/models/res_users.py", line 1357, in create
    users = super().create(vals_list)
            ^^^^^^^^^^^^^^^^^^^^^^^^^
  File "/opt/odoo/custom/src/odoo/odoo/orm/decorators.py", line 365, in create
    return method(self, vals_list)
           ^^^^^^^^^^^^^^^^^^^^^^^
  File "/opt/odoo/custom/src/odoo/odoo/addons/base/models/res_users.py", line 580, in create
    users = super().create(vals_list)
            ^^^^^^^^^^^^^^^^^^^^^^^^^
  File "/opt/odoo/custom/src/odoo/odoo/orm/decorators.py", line 365, in create
    return method(self, vals_list)
           ^^^^^^^^^^^^^^^^^^^^^^^
  File "/opt/odoo/custom/src/odoo/odoo/orm/models.py", line 4654, in create
    raise ValueError(f"Invalid field {field_name!r} in {self._name!r}")
ValueError: Invalid field 'groups_id' in 'res.users'

Traceback (most recent call last):
  File "/home/xtendoo/Documentos/odoo/skills/odoo-provisioning/provision.py", line 510, in <module>
    main()
    ~~~~^^
  File "/home/xtendoo/Documentos/odoo/skills/odoo-provisioning/provision.py", line 490, in main
    ensure_user(models, db, uid, password, u)
    ~~~~~~~~~~~^^^^^^^^^^^^^^^^^^^^^^^^^^^^^^
  File "/home/xtendoo/Documentos/odoo/skills/odoo-provisioning/provision.py", line 419, in ensure_user
    new_id = model_exec(models, db, uid, password, "res.users", "create", [vals])
  File "/home/xtendoo/Documentos/odoo/skills/odoo-provisioning/provision.py", line 105, in model_exec
    raise e
  File "/home/xtendoo/Documentos/odoo/skills/odoo-provisioning/provision.py", line 89, in model_exec
    return models.execute_kw(db, uid, password, model, method, args, kwargs)
           ~~~~~~~~~~~~~~~~~^^^^^^^^^^^^^^^^^^^^^^^^^^^^^^^^^^^^^^^^^^^^^^^^
  File "/usr/lib/python3.13/xmlrpc/client.py", line 1096, in __call__
    return self.__send(self.__name, args)
           ~~~~~~~~~~~^^^^^^^^^^^^^^^^^^^
  File "/usr/lib/python3.13/xmlrpc/client.py", line 1435, in __request
    response = self.__transport.request(
        self.__host,
    ...<2 lines>...
        verbose=self.__verbose
        )
  File "/usr/lib/python3.13/xmlrpc/client.py", line 1140, in request
    return self.single_request(host, handler, request_body, verbose)
           ~~~~~~~~~~~~~~~~~~~^^^^^^^^^^^^^^^^^^^^^^^^^^^^^^^^^^^^^^
  File "/usr/lib/python3.13/xmlrpc/client.py", line 1156, in single_request
    return self.parse_response(resp)
           ~~~~~~~~~~~~~~~~~~~^^^^^^
  File "/usr/lib/python3.13/xmlrpc/client.py", line 1325, in parse_response
    return u.close()
           ~~~~~~~^^
  File "/usr/lib/python3.13/xmlrpc/client.py", line 642, in close
    raise Fault(**self._stack[0])
xmlrpc.client.Fault: <Fault 1: 'Traceback (most recent call last):\n  File "/opt/odoo/auto/addons/rpc/controllers/xmlrpc.py", line 162, in xmlrpc_2\n    response = self._xmlrpc(service)\n               ^^^^^^^^^^^^^^^^^^^^^\n  File "/opt/odoo/auto/addons/rpc/controllers/xmlrpc.py", line 134, in _xmlrpc\n    result = dispatch_rpc(service, method, params)\n             ^^^^^^^^^^^^^^^^^^^^^^^^^^^^^^^^^^^^^\n  File "/opt/odoo/custom/src/odoo/odoo/http.py", line 439, in dispatch_rpc\n    return dispatch(method, params)\n           ^^^^^^^^^^^^^^^^^^^^^^^^\n  File "/opt/odoo/custom/src/odoo/odoo/service/model.py", line 129, in dispatch\n    res = execute_cr(cr, uid, model, method_, args, kw)\n          ^^^^^^^^^^^^^^^^^^^^^^^^^^^^^^^^^^^^^^^^^^^^^\n  File "/opt/odoo/custom/src/odoo/odoo/service/model.py", line 146, in execute_cr\n    result = retrying(partial(call_kw, recs, method, args, kw), env)\n             ^^^^^^^^^^^^^^^^^^^^^^^^^^^^^^^^^^^^^^^^^^^^^^^^^^^^^^^\n  File "/opt/odoo/custom/src/odoo/odoo/service/model.py", line 184, in retrying\n    result = func()\n             ^^^^^^\n  File "/opt/odoo/custom/src/odoo/odoo/service/model.py", line 93, in call_kw\n    result = method(recs, *args, **kwargs)\n             ^^^^^^^^^^^^^^^^^^^^^^^^^^^^^\n  File "/opt/odoo/custom/src/odoo/odoo/orm/decorators.py", line 365, in create\n    return method(self, vals_list)\n           ^^^^^^^^^^^^^^^^^^^^^^^\n  File "/opt/odoo/auto/addons/digest/models/res_users.py", line 12, in create\n    users = super(ResUsers, self).create(vals_list)\n            ^^^^^^^^^^^^^^^^^^^^^^^^^^^^^^^^^^^^^^^\n  File "/opt/odoo/custom/src/odoo/odoo/orm/decorators.py", line 365, in create\n    return method(self, vals_list)\n           ^^^^^^^^^^^^^^^^^^^^^^^\n  File "/opt/odoo/auto/addons/calendar/models/res_users.py", line 63, in create\n    res = super().create(vals_list)\n          ^^^^^^^^^^^^^^^^^^^^^^^^^\n  File "/opt/odoo/custom/src/odoo/odoo/orm/decorators.py", line 365, in create\n    return method(self, vals_list)\n           ^^^^^^^^^^^^^^^^^^^^^^^\n  File "/opt/odoo/auto/addons/auth_signup/models/res_users.py", line 269, in create\n    users = super(ResUsers, self).create(vals_list)\n            ^^^^^^^^^^^^^^^^^^^^^^^^^^^^^^^^^^^^^^^\n  File "/opt/odoo/custom/src/odoo/odoo/orm/decorators.py", line 365, in create\n    return method(self, vals_list)\n           ^^^^^^^^^^^^^^^^^^^^^^^\n  File "/opt/odoo/auto/addons/mail/models/discuss/res_users.py", line 14, in create\n    users = super().create(vals_list)\n            ^^^^^^^^^^^^^^^^^^^^^^^^^\n  File "/opt/odoo/custom/src/odoo/odoo/orm/decorators.py", line 365, in create\n    return method(self, vals_list)\n           ^^^^^^^^^^^^^^^^^^^^^^^\n  File "/opt/odoo/auto/addons/mail/models/res_users.py", line 182, in create\n    users = super().create(vals_list)\n            ^^^^^^^^^^^^^^^^^^^^^^^^^\n  File "/opt/odoo/custom/src/odoo/odoo/orm/decorators.py", line 365, in create\n    return method(self, vals_list)\n           ^^^^^^^^^^^^^^^^^^^^^^^\n  File "/opt/odoo/custom/src/odoo/odoo/addons/base/models/res_users.py", line 1357, in create\n    users = super().create(vals_list)\n            ^^^^^^^^^^^^^^^^^^^^^^^^^\n  File "/opt/odoo/custom/src/odoo/odoo/orm/decorators.py", line 365, in create\n    return method(self, vals_list)\n           ^^^^^^^^^^^^^^^^^^^^^^^\n  File "/opt/odoo/custom/src/odoo/odoo/addons/base/models/res_users.py", line 580, in create\n    users = super().create(vals_list)\n            ^^^^^^^^^^^^^^^^^^^^^^^^^\n  File "/opt/odoo/custom/src/odoo/odoo/orm/decorators.py", line 365, in create\n    return method(self, vals_list)\n           ^^^^^^^^^^^^^^^^^^^^^^^\n  File "/opt/odoo/custom/src/odoo/odoo/orm/models.py", line 4654, in create\n    raise ValueError(f"Invalid field {field_name!r} in {self._name!r}")\nValueError: Invalid field \'groups_id\' in \'res.users\'\n'>
