[11:59:22] INFO: Conectando a https://bitevolcrm.xtd.es (db=bitevol_crm)...
[11:59:23] INFO: Conexión establecida. uid=2 db=bitevol_crm
[11:59:23] INFO: Verificando idioma: es_ES
[11:59:24] INFO: Verificando idioma: en_US
[11:59:26] INFO: Idiomas verificados.
[11:59:26] INFO: Configurando parámetro web.base.url = https://bitevolcrm.xtd.es
[11:59:28] INFO: Configurando parámetro mail.catchall.domain = xtd.es
[11:59:29] INFO: Configurando parámetro mail.catchall.alias = catchall
[11:59:30] INFO: Configurando parámetro mail.bounce.alias = bounce
[11:59:32] INFO: Parámetros del sistema aplicados.
[11:59:32] INFO: Verificando configuración de compañía...
[11:59:34] ERROR: Odoo Fault en res.country.state.search: 1 - Traceback (most recent call last):
  File "/opt/odoo/auto/addons/rpc/controllers/xmlrpc.py", line 162, in xmlrpc_2
    response = self._xmlrpc(service)
               ^^^^^^^^^^^^^^^^^^^^^
  File "/opt/odoo/auto/addons/rpc/controllers/xmlrpc.py", line 134, in _xmlrpc
    result = dispatch_rpc(service, method, params)
             ^^^^^^^^^^^^^^^^^^^^^^^^^^^^^^^^^^^^^
  File "/opt/odoo/custom/src/odoo/odoo/http.py", line 439, in dispatch_rpc
    return dispatch(method, params)
           ^^^^^^^^^^^^^^^^^^^^^^^^
  File "/opt/odoo/custom/src/odoo/odoo/service/model.py", line 129, in dispatch
    res = execute_cr(cr, uid, model, method_, args, kw)
          ^^^^^^^^^^^^^^^^^^^^^^^^^^^^^^^^^^^^^^^^^^^^^
  File "/opt/odoo/custom/src/odoo/odoo/service/model.py", line 146, in execute_cr
    result = retrying(partial(call_kw, recs, method, args, kw), env)
             ^^^^^^^^^^^^^^^^^^^^^^^^^^^^^^^^^^^^^^^^^^^^^^^^^^^^^^^
  File "/opt/odoo/custom/src/odoo/odoo/service/model.py", line 184, in retrying
    result = func()
             ^^^^^^
  File "/opt/odoo/custom/src/odoo/odoo/service/model.py", line 93, in call_kw
    result = method(recs, *args, **kwargs)
             ^^^^^^^^^^^^^^^^^^^^^^^^^^^^^
  File "/opt/odoo/custom/src/odoo/odoo/orm/models.py", line 1378, in search
    return self.search_fetch(domain, [], offset=offset, limit=limit, order=order)
           ^^^^^^^^^^^^^^^^^^^^^^^^^^^^^^^^^^^^^^^^^^^^^^^^^^^^^^^^^^^^^^^^^^^^^^
  File "/opt/odoo/custom/src/odoo/odoo/orm/models.py", line 1408, in search_fetch
    query = self._search(domain, offset=offset, limit=limit, order=order or self._order)
            ^^^^^^^^^^^^^^^^^^^^^^^^^^^^^^^^^^^^^^^^^^^^^^^^^^^^^^^^^^^^^^^^^^^^^^^^^^^^
  File "/opt/odoo/custom/src/odoo/odoo/orm/models.py", line 5353, in _search
    domain = Domain(domain)
             ^^^^^^^^^^^^^^
  File "/opt/odoo/custom/src/odoo/odoo/orm/domains.py", line 256, in __new__
    elif item[1] in INTERNAL_CONDITION_OPERATORS:
         ^^^^^^^^^^^^^^^^^^^^^^^^^^^^^^^^^^^^^^^
TypeError: unhashable type: 'list'

Traceback (most recent call last):
  File "/home/xtendoo/Documentos/odoo/skills/odoo-provisioning/provision.py", line 418, in <module>
    main()
    ~~~~^^
  File "/home/xtendoo/Documentos/odoo/skills/odoo-provisioning/provision.py", line 391, in main
    ensure_company(models, db, uid, password, comp)
    ~~~~~~~~~~~~~~^^^^^^^^^^^^^^^^^^^^^^^^^^^^^^^^^
  File "/home/xtendoo/Documentos/odoo/skills/odoo-provisioning/provision.py", line 147, in ensure_company
    s_ids = model_exec(
        models,
    ...<9 lines>...
        limit=1,
    )
  File "/home/xtendoo/Documentos/odoo/skills/odoo-provisioning/provision.py", line 105, in model_exec
    raise e
  File "/home/xtendoo/Documentos/odoo/skills/odoo-provisioning/provision.py", line 89, in model_exec
    return models.execute_kw(db, uid, password, model, method, args, kwargs)
           ~~~~~~~~~~~~~~~~~^^^^^^^^^^^^^^^^^^^^^^^^^^^^^^^^^^^^^^^^^^^^^^^^
  File "/usr/lib/python3.13/xmlrpc/client.py", line 1096, in __call__
    return self.__send(self.__name, args)
           ~~~~~~~~~~~^^^^^^^^^^^^^^^^^^^
  File "/usr/lib/python3.13/xmlrpc/client.py", line 1435, in __request
    response = self.__transport.request(
        self.__host,
    ...<2 lines>...
        verbose=self.__verbose
        )
  File "/usr/lib/python3.13/xmlrpc/client.py", line 1140, in request
    return self.single_request(host, handler, request_body, verbose)
           ~~~~~~~~~~~~~~~~~~~^^^^^^^^^^^^^^^^^^^^^^^^^^^^^^^^^^^^^^
  File "/usr/lib/python3.13/xmlrpc/client.py", line 1156, in single_request
    return self.parse_response(resp)
           ~~~~~~~~~~~~~~~~~~~^^^^^^
  File "/usr/lib/python3.13/xmlrpc/client.py", line 1325, in parse_response
    return u.close()
           ~~~~~~~^^
  File "/usr/lib/python3.13/xmlrpc/client.py", line 642, in close
    raise Fault(**self._stack[0])
xmlrpc.client.Fault: <Fault 1: 'Traceback (most recent call last):\n  File "/opt/odoo/auto/addons/rpc/controllers/xmlrpc.py", line 162, in xmlrpc_2\n    response = self._xmlrpc(service)\n               ^^^^^^^^^^^^^^^^^^^^^\n  File "/opt/odoo/auto/addons/rpc/controllers/xmlrpc.py", line 134, in _xmlrpc\n    result = dispatch_rpc(service, method, params)\n             ^^^^^^^^^^^^^^^^^^^^^^^^^^^^^^^^^^^^^\n  File "/opt/odoo/custom/src/odoo/odoo/http.py", line 439, in dispatch_rpc\n    return dispatch(method, params)\n           ^^^^^^^^^^^^^^^^^^^^^^^^\n  File "/opt/odoo/custom/src/odoo/odoo/service/model.py", line 129, in dispatch\n    res = execute_cr(cr, uid, model, method_, args, kw)\n          ^^^^^^^^^^^^^^^^^^^^^^^^^^^^^^^^^^^^^^^^^^^^^\n  File "/opt/odoo/custom/src/odoo/odoo/service/model.py", line 146, in execute_cr\n    result = retrying(partial(call_kw, recs, method, args, kw), env)\n             ^^^^^^^^^^^^^^^^^^^^^^^^^^^^^^^^^^^^^^^^^^^^^^^^^^^^^^^\n  File "/opt/odoo/custom/src/odoo/odoo/service/model.py", line 184, in retrying\n    result = func()\n             ^^^^^^\n  File "/opt/odoo/custom/src/odoo/odoo/service/model.py", line 93, in call_kw\n    result = method(recs, *args, **kwargs)\n             ^^^^^^^^^^^^^^^^^^^^^^^^^^^^^\n  File "/opt/odoo/custom/src/odoo/odoo/orm/models.py", line 1378, in search\n    return self.search_fetch(domain, [], offset=offset, limit=limit, order=order)\n           ^^^^^^^^^^^^^^^^^^^^^^^^^^^^^^^^^^^^^^^^^^^^^^^^^^^^^^^^^^^^^^^^^^^^^^\n  File "/opt/odoo/custom/src/odoo/odoo/orm/models.py", line 1408, in search_fetch\n    query = self._search(domain, offset=offset, limit=limit, order=order or self._order)\n            ^^^^^^^^^^^^^^^^^^^^^^^^^^^^^^^^^^^^^^^^^^^^^^^^^^^^^^^^^^^^^^^^^^^^^^^^^^^^\n  File "/opt/odoo/custom/src/odoo/odoo/orm/models.py", line 5353, in _search\n    domain = Domain(domain)\n             ^^^^^^^^^^^^^^\n  File "/opt/odoo/custom/src/odoo/odoo/orm/domains.py", line 256, in __new__\n    elif item[1] in INTERNAL_CONDITION_OPERATORS:\n         ^^^^^^^^^^^^^^^^^^^^^^^^^^^^^^^^^^^^^^^\nTypeError: unhashable type: \'list\'\n'>
