[12:58:40] INFO: Conectando a https://bitevolcrm.xtd.es (db=bitevol_crm)...
[12:58:41] INFO: Conexión establecida. uid=2 db=bitevol_crm
[12:58:41] INFO: Verificando idioma: es_ES
[12:58:43] INFO: Verificando idioma: en_US
[12:58:44] INFO: Idiomas verificados.
[12:58:44] INFO: Configurando parámetro web.base.url = https://bitevolcrm.xtd.es
[12:58:45] INFO: Configurando parámetro mail.catchall.domain = xtd.es
[12:58:46] INFO: Configurando parámetro mail.catchall.alias = catchall
[12:58:48] INFO: Configurando parámetro mail.bounce.alias = bounce
[12:58:49] INFO: Parámetros del sistema aplicados.
[12:58:49] INFO: Verificando configuración de compañía...
[12:58:50] INFO: Compañía actualizada: Robatech
[12:58:50] INFO: Verificando instalación de módulos: ['base', 'contacts', 'mail', 'account', 'website', 'crm']
[12:58:50] INFO: Todos los módulos ya están instalados.
[12:58:50] INFO: Proceso de módulos finalizado.
[12:58:50] INFO: Procesando usuario: xtendoo
[12:58:51] ERROR: Odoo Fault en search.[('login', '=', 'xtendoo')]: 2 - Object search doesn't exist
Traceback (most recent call last):
  File "/home/xtendoo/Documentos/odoo/skills/odoo-provisioning/provision.py", line 531, in <module>
    main()
    ~~~~^^
  File "/home/xtendoo/Documentos/odoo/skills/odoo-provisioning/provision.py", line 511, in main
    ensure_user(models, db, uid, password, u)
    ~~~~~~~~~~~^^^^^^^^^^^^^^^^^^^^^^^^^^^^^^
  File "/home/xtendoo/Documentos/odoo/skills/odoo-provisioning/provision.py", line 373, in ensure_user
    ids = model_exec(
        models,
    ...<5 lines>...
        limit=1,
    )
  File "/home/xtendoo/Documentos/odoo/skills/odoo-provisioning/provision.py", line 105, in model_exec
    raise e
  File "/home/xtendoo/Documentos/odoo/skills/odoo-provisioning/provision.py", line 89, in model_exec
    return models.execute_kw(db, uid, password, model, method, args, kwargs)
           ~~~~~~~~~~~~~~~~~^^^^^^^^^^^^^^^^^^^^^^^^^^^^^^^^^^^^^^^^^^^^^^^^
  File "/usr/lib/python3.13/xmlrpc/client.py", line 1096, in __call__
    return self.__send(self.__name, args)
           ~~~~~~~~~~~^^^^^^^^^^^^^^^^^^^
  File "/usr/lib/python3.13/xmlrpc/client.py", line 1435, in __request
    response = self.__transport.request(
        self.__host,
    ...<2 lines>...
        verbose=self.__verbose
        )
  File "/usr/lib/python3.13/xmlrpc/client.py", line 1140, in request
    return self.single_request(host, handler, request_body, verbose)
           ~~~~~~~~~~~~~~~~~~~^^^^^^^^^^^^^^^^^^^^^^^^^^^^^^^^^^^^^^
  File "/usr/lib/python3.13/xmlrpc/client.py", line 1156, in single_request
    return self.parse_response(resp)
           ~~~~~~~~~~~~~~~~~~~^^^^^^
  File "/usr/lib/python3.13/xmlrpc/client.py", line 1325, in parse_response
    return u.close()
           ~~~~~~~^^
  File "/usr/lib/python3.13/xmlrpc/client.py", line 642, in close
    raise Fault(**self._stack[0])
xmlrpc.client.Fault: <Fault 2: "Object search doesn't exist">
